<?xml version="1.0" encoding="UTF-8"?>
<testsuite xmlns:xsi="http://www.w3.org/2001/XMLSchema-instance" xsi:noNamespaceSchemaLocation="https://maven.apache.org/surefire/maven-surefire-plugin/xsd/surefire-test-report.xsd" name="TimeTests" time="0.077" tests="6" errors="0" skipped="0" failures="0">
  <properties>
[...]
</properties>
  <testcase name="times from seconds" classname="TimeTests" time="0.004"/>
  <testcase name="times to seconds" classname="TimeTests" time="0.004"/>
  <testcase name="times to minutes" classname="TimeTests" time="0.004"/>
  <testcase name="times to strings" classname="TimeTests" time="0.005"/>
  <testcase name="time comparisons" classname="TimeTests" time="0.005"/>
  <testcase name="times" classname="TimeTests" time="0.005"/>
</testsuite>